<?xml version="1.0" encoding="UTF-8"?>
<coverage generated="1744139142605" clover="3.2.0">
  <project timestamp="1744139142605" name="All files">
    <metrics statements="15" coveredstatements="11" conditionals="4" coveredconditionals="2" methods="7" coveredmethods="3" elements="26" coveredelements="16" complexity="0" loc="15" ncloc="15" packages="1" files="1" classes="1"/>
    <file name="Search.jsx" path="C:\Users\vivan\CIS3344FinalProjectGroup\3344-Group-Project\3344-group-project\src\components\Search\Search.jsx">
      <metrics statements="15" coveredstatements="11" conditionals="4" coveredconditionals="2" methods="7" coveredmethods="3"/>
      <line num="7" count="1" type="stmt"/>
      <line num="9" count="6" type="stmt"/>
      <line num="12" count="6" type="stmt"/>
      <line num="13" count="2" type="stmt"/>
      <line num="16" count="6" type="stmt"/>
      <line num="17" count="2" type="stmt"/>
      <line num="18" count="2" type="stmt"/>
      <line num="19" count="2" type="cond" truecount="2" falsecount="0"/>
      <line num="20" count="1" type="stmt"/>
      <line num="23" count="6" type="stmt"/>
      <line num="25" count="0" type="stmt"/>
      <line num="28" count="0" type="cond" truecount="0" falsecount="2"/>
      <line num="29" count="0" type="stmt"/>
      <line num="32" count="0" type="stmt"/>
      <line num="40" count="6" type="stmt"/>
    </file>
  </project>
</coverage>
