{"C:\\Users\\vivan\\CIS3344FinalProjectGroup\\3344-Group-Project\\3344-group-project\\src\\components\\Search\\Search.jsx": {"path":"C:\\Users\\vivan\\CIS3344FinalProjectGroup\\3344-Group-Project\\3344-group-project\\src\\components\\Search\\Search.jsx","statementMap":{"0":{"start":{"line":7,"column":15},"end":{"line":54,"column":1}},"1":{"start":{"line":9,"column":42},"end":{"line":9,"column":54}},"2":{"start":{"line":12,"column":30},"end":{"line":14,"column":7}},"3":{"start":{"line":13,"column":8},"end":{"line":13,"column":43}},"4":{"start":{"line":16,"column":25},"end":{"line":22,"column":5}},"5":{"start":{"line":17,"column":4},"end":{"line":17,"column":27}},"6":{"start":{"line":18,"column":25},"end":{"line":18,"column":43}},"7":{"start":{"line":19,"column":4},"end":{"line":21,"column":5}},"8":{"start":{"line":20,"column":8},"end":{"line":20,"column":37}},"9":{"start":{"line":23,"column":24},"end":{"line":35,"column":5}},"10":{"start":{"line":25,"column":30},"end":{"line":25,"column":42}},"11":{"start":{"line":28,"column":6},"end":{"line":33,"column":7}},"12":{"start":{"line":29,"column":8},"end":{"line":29,"column":40}},"13":{"start":{"line":29,"column":23},"end":{"line":29,"column":38}},"14":{"start":{"line":32,"column":8},"end":{"line":32,"column":54}},"15":{"start":{"line":32,"column":23},"end":{"line":32,"column":53}},"16":{"start":{"line":32,"column":41},"end":{"line":32,"column":52}},"17":{"start":{"line":40,"column":2},"end":{"line":53,"column":4}}},"fnMap":{"0":{"name":"(anonymous_0)","decl":{"start":{"line":7,"column":15},"end":{"line":7,"column":16}},"loc":{"start":{"line":7,"column":37},"end":{"line":54,"column":1}},"line":7},"1":{"name":"(anonymous_1)","decl":{"start":{"line":12,"column":30},"end":{"line":12,"column":31}},"loc":{"start":{"line":12,"column":41},"end":{"line":14,"column":7}},"line":12},"2":{"name":"(anonymous_2)","decl":{"start":{"line":16,"column":25},"end":{"line":16,"column":26}},"loc":{"start":{"line":16,"column":36},"end":{"line":22,"column":5}},"line":16},"3":{"name":"(anonymous_3)","decl":{"start":{"line":23,"column":24},"end":{"line":23,"column":25}},"loc":{"start":{"line":24,"column":4},"end":{"line":35,"column":5}},"line":24},"4":{"name":"(anonymous_4)","decl":{"start":{"line":29,"column":17},"end":{"line":29,"column":18}},"loc":{"start":{"line":29,"column":23},"end":{"line":29,"column":38}},"line":29},"5":{"name":"(anonymous_5)","decl":{"start":{"line":32,"column":17},"end":{"line":32,"column":18}},"loc":{"start":{"line":32,"column":23},"end":{"line":32,"column":53}},"line":32},"6":{"name":"(anonymous_6)","decl":{"start":{"line":32,"column":35},"end":{"line":32,"column":36}},"loc":{"start":{"line":32,"column":41},"end":{"line":32,"column":52}},"line":32}},"branchMap":{"0":{"loc":{"start":{"line":19,"column":4},"end":{"line":21,"column":5}},"type":"if","locations":[{"start":{"line":19,"column":4},"end":{"line":21,"column":5}},{"start":{},"end":{}}],"line":19},"1":{"loc":{"start":{"line":28,"column":6},"end":{"line":33,"column":7}},"type":"if","locations":[{"start":{"line":28,"column":6},"end":{"line":33,"column":7}},{"start":{"line":31,"column":10},"end":{"line":33,"column":7}}],"line":28}},"s":{"0":1,"1":6,"2":6,"3":2,"4":6,"5":2,"6":2,"7":2,"8":1,"9":6,"10":0,"11":0,"12":0,"13":0,"14":0,"15":0,"16":0,"17":6},"f":{"0":6,"1":2,"2":2,"3":0,"4":0,"5":0,"6":0},"b":{"0":[1,1],"1":[0,0]},"_coverageSchema":"1a1c01bbd47fc00a2c39e90264f33305004495a9","hash":"9ccba1e7dd09d453380e00532683ae2821b46108"}
}
