TN:
SF:src\components\Search\Search.jsx
FN:7,(anonymous_0)
FN:12,(anonymous_1)
FN:16,(anonymous_2)
FN:23,(anonymous_3)
FN:29,(anonymous_4)
FN:32,(anonymous_5)
FN:32,(anonymous_6)
FNF:7
FNH:3
FNDA:6,(anonymous_0)
FNDA:2,(anonymous_1)
FNDA:2,(anonymous_2)
FNDA:0,(anonymous_3)
FNDA:0,(anonymous_4)
FNDA:0,(anonymous_5)
FNDA:0,(anonymous_6)
DA:7,1
DA:9,6
DA:12,6
DA:13,2
DA:16,6
DA:17,2
DA:18,2
DA:19,2
DA:20,1
DA:23,6
DA:25,0
DA:28,0
DA:29,0
DA:32,0
DA:40,6
LF:15
LH:11
BRDA:19,0,0,1
BRDA:19,0,1,1
BRDA:28,1,0,0
BRDA:28,1,1,0
BRF:4
BRH:2
end_of_record
